<?xml version="1.0" encoding="UTF-8"?>
<!-- Generated by org.testng.reporters.JUnitReportReporter -->
<testsuite skipped="0" hostname="DnG" name="com.Website.ExtentReport.ExtentReportTestNG2" tests="2" failures="0" timestamp="2021-06-09T15:51:54 EDT" time="57.349" errors="0">
  <testcase name="test2" time="31.428" classname="com.Website.ExtentReport.ExtentReportTestNG2"/>
  <system-out/>
  <testcase name="test1" time="25.921" classname="com.Website.ExtentReport.ExtentReportTestNG2"/>
  <system-out/>
</testsuite> <!-- com.Website.ExtentReport.ExtentReportTestNG2 -->
