<?xml version="1.0" encoding="UTF-8"?>
<!-- Generated by org.testng.reporters.JUnitReportReporter -->
<testsuite skipped="0" hostname="DnG" name="com.Website.ExtentReport.ExtentReportTestNG1" tests="1" failures="0" timestamp="2021-06-09T15:48:51 EDT" time="16.249" errors="0">
  <testcase name="checktitle" time="16.249" classname="com.Website.ExtentReport.ExtentReportTestNG1"/>
  <system-out/>
</testsuite> <!-- com.Website.ExtentReport.ExtentReportTestNG1 -->
